{
  "stats": {
    "suites": 1,
    "tests": 1,
    "passes": 1,
    "pending": 0,
    "failures": 0,
    "start": "2020-09-02T05:59:18.368Z",
    "end": "2020-09-02T06:00:43.366Z",
    "duration": 84998,
    "testsRegistered": 1,
    "passPercent": 100,
    "pendingPercent": 0,
    "other": 0,
    "hasOther": false,
    "skipped": 0,
    "hasSkipped": false
  },
  "results": [
    {
      "uuid": "bcbf43c5-ab1b-4003-8162-49543b86367d",
      "title": "",
      "fullFile": "cypress\\integration\\1.productSearch.spec.js",
      "file": "cypress\\integration\\1.productSearch.spec.js",
      "beforeHooks": [],
      "afterHooks": [],
      "tests": [],
      "suites": [
        {
          "uuid": "f1f11b2d-e3ff-4652-b7ac-3d61588995bd",
          "title": "Test Suit 1",
          "fullFile": "",
          "file": "",
          "beforeHooks": [],
          "afterHooks": [],
          "tests": [
            {
              "title": "Testcase_1: should login to the wasi.lk site and do a product search",
              "fullTitle": "Test Suit 1 Testcase_1: should login to the wasi.lk site and do a product search",
              "timedOut": null,
              "duration": 76376,
              "state": "passed",
              "speed": "slow",
              "pass": true,
              "fail": false,
              "pending": false,
              "context": null,
              "code": "cy.log(\"I am only in Test Case 1 \");\nTestmethod.open();\nTestmethod.login(); //Verify the logged in user's name\nCommonMethods.Assert(_loginPage[\"default\"].lbl_loggedInUsername).then(function ($selectedelement) {\n  expect($selectedelement).to.contain(_testdata[\"default\"].UserData.AssertText);\n});\nTestmethod.productSearch();\nTestmethod.clear();\nTestmethod.viewcart();\nTestmethod.Logout();",
              "err": {},
              "uuid": "9e4c88f8-0187-48f0-ba8c-13e10e2cdc91",
              "parentUUID": "f1f11b2d-e3ff-4652-b7ac-3d61588995bd",
              "isHook": false,
              "skipped": false
            }
          ],
          "suites": [],
          "passes": [
            "9e4c88f8-0187-48f0-ba8c-13e10e2cdc91"
          ],
          "failures": [],
          "pending": [],
          "skipped": [],
          "duration": 76376,
          "root": false,
          "rootEmpty": false,
          "_timeout": 2000
        }
      ],
      "passes": [],
      "failures": [],
      "pending": [],
      "skipped": [],
      "duration": 0,
      "root": true,
      "rootEmpty": true,
      "_timeout": 2000
    }
  ],
  "meta": {
    "mocha": {
      "version": "7.0.1"
    },
    "mochawesome": {
      "options": {
        "quiet": false,
        "reportFilename": "mochawesome",
        "saveHtml": true,
        "saveJson": true,
        "consoleReporter": "spec",
        "useInlineDiffs": false,
        "code": true
      },
      "version": "6.1.1"
    },
    "marge": {
      "options": {
        "reportDir": "cypress/report.mochawesome-report",
        "overwrite": true,
        "html": true,
        "json": true,
        "timestamp": "mmddyyyy_HHMMss"
      },
      "version": "5.1.0"
    }
  }
}